Flow report for lab1-1
Mon Feb 13 13:02:50 2017
Quartus II Version 9.1 Build 350 03/24/2010 Service Pack 2 SJ Web Edition


---------------------
; Table of Contents ;
---------------------
  1. Legal Notice
  2. Flow Summary
  3. Flow Settings
  4. Flow Non-Default Global Settings
  5. Flow Elapsed Time
  6. Flow OS Summary
  7. Flow Log



----------------
; Legal Notice ;
----------------
Copyright (C) 1991-2010 Altera Corporation
Your use of Altera Corporation's design tools, logic functions 
and other software and tools, and its AMPP partner logic 
functions, and any output files from any of the foregoing 
(including device programming or simulation files), and any 
associated documentation or information are expressly subject 
to the terms and conditions of the Altera Program License 
Subscription Agreement, Altera MegaCore Function License 
Agreement, or other applicable license agreement, including, 
without limitation, that your use is for the sole purpose of 
programming logic devices manufactured by Altera and sold by 
Altera or its authorized distributors.  Please refer to the 
applicable agreement for further details.



+------------------------------------------------------------------------+
; Flow Summary                                                           ;
+-------------------------+----------------------------------------------+
; Flow Status             ; Successful - Mon Feb 13 13:02:50 2017        ;
; Quartus II Version      ; 9.1 Build 350 03/24/2010 SP 2 SJ Web Edition ;
; Revision Name           ; lab1-1                                       ;
; Top-level Entity Name   ; lab1-1                                       ;
; Family                  ; Cyclone                                      ;
; Device                  ; EP1C3T144C8                                  ;
; Timing Models           ; Final                                        ;
; Met timing requirements ; Yes                                          ;
; Total logic elements    ; 2 / 2,910 ( < 1 % )                          ;
; Total pins              ; 6 / 104 ( 6 % )                              ;
; Total virtual pins      ; 0                                            ;
; Total memory bits       ; 0 / 59,904 ( 0 % )                           ;
; Total PLLs              ; 0 / 1 ( 0 % )                                ;
+-------------------------+----------------------------------------------+


+-----------------------------------------+
; Flow Settings                           ;
+-------------------+---------------------+
; Option            ; Setting             ;
+-------------------+---------------------+
; Start date & time ; 02/13/2017 13:02:45 ;
; Main task         ; Compilation         ;
; Revision Name     ; lab1-1              ;
+-------------------+---------------------+


+----------------------------------------------------------------------------------------------------------------------------------------------------+
; Flow Non-Default Global Settings                                                                                                                   ;
+------------------------------------+----------------------------------------------------------------+---------------+-------------+----------------+
; Assignment Name                    ; Value                                                          ; Default Value ; Entity Name ; Section Id     ;
+------------------------------------+----------------------------------------------------------------+---------------+-------------+----------------+
; COMPILER_SIGNATURE_ID              ; 146394932398.148696576503824                                   ; --            ; --          ; --             ;
; MAX_CORE_JUNCTION_TEMP             ; 85                                                             ; --            ; --          ; --             ;
; MIN_CORE_JUNCTION_TEMP             ; 0                                                              ; --            ; --          ; --             ;
; MISC_FILE                          ; C:/Documents and Settings/ip513s13/Рабочий стол/lab/lab1-1.dpf ; --            ; --          ; --             ;
; PARTITION_COLOR                    ; 16764057                                                       ; --            ; --          ; Top            ;
; PARTITION_NETLIST_TYPE             ; SOURCE                                                         ; --            ; --          ; Top            ;
; USE_GENERATED_PHYSICAL_CONSTRAINTS ; Off                                                            ; --            ; --          ; eda_blast_fpga ;
+------------------------------------+----------------------------------------------------------------+---------------+-------------+----------------+


+-----------------------------------------------------------------------------------------------------------------------------+
; Flow Elapsed Time                                                                                                           ;
+-------------------------+--------------+-------------------------+---------------------+------------------------------------+
; Module Name             ; Elapsed Time ; Average Processors Used ; Peak Virtual Memory ; Total CPU Time (on all processors) ;
+-------------------------+--------------+-------------------------+---------------------+------------------------------------+
; Analysis & Synthesis    ; 00:00:01     ; 1.0                     ; 158 MB              ; 00:00:01                           ;
; Fitter                  ; 00:00:01     ; 1.0                     ; 159 MB              ; 00:00:01                           ;
; Assembler               ; 00:00:00     ; 1.0                     ; 145 MB              ; 00:00:01                           ;
; Classic Timing Analyzer ; 00:00:01     ; 1.0                     ; 110 MB              ; 00:00:00                           ;
; Total                   ; 00:00:03     ; --                      ; --                  ; 00:00:03                           ;
+-------------------------+--------------+-------------------------+---------------------+------------------------------------+


+---------------------------------------------------------------------------------------+
; Flow OS Summary                                                                       ;
+-------------------------+------------------+------------+------------+----------------+
; Module Name             ; Machine Hostname ; OS Name    ; OS Version ; Processor type ;
+-------------------------+------------------+------------+------------+----------------+
; Analysis & Synthesis    ; rwp09            ; Windows XP ; 5.1        ; i686           ;
; Fitter                  ; rwp09            ; Windows XP ; 5.1        ; i686           ;
; Assembler               ; rwp09            ; Windows XP ; 5.1        ; i686           ;
; Classic Timing Analyzer ; rwp09            ; Windows XP ; 5.1        ; i686           ;
+-------------------------+------------------+------------+------------+----------------+


------------
; Flow Log ;
------------
quartus_map --read_settings_files=on --write_settings_files=off lab1-1 -c lab1-1
quartus_fit --read_settings_files=off --write_settings_files=off lab1-1 -c lab1-1
quartus_asm --read_settings_files=off --write_settings_files=off lab1-1 -c lab1-1
quartus_tan --read_settings_files=off --write_settings_files=off lab1-1 -c lab1-1 --timing_analysis_only



